<?xml version="1.0" encoding="UTF-8"?>

<mule xmlns:xsi="http://www.w3.org/2001/XMLSchema-instance" xmlns:ee="http://www.mulesoft.org/schema/mule/ee/core"
	xmlns:munit="http://www.mulesoft.org/schema/mule/munit" xmlns:munit-tools="http://www.mulesoft.org/schema/mule/munit-tools"
	xmlns="http://www.mulesoft.org/schema/mule/core" xmlns:doc="http://www.mulesoft.org/schema/mule/documentation"
	xmlns:http="http://www.mulesoft.org/schema/mule/http" xmlns:tls="http://www.mulesoft.org/schema/mule/tls"
	xsi:schemaLocation="
		http://www.mulesoft.org/schema/mule/tls http://www.mulesoft.org/schema/mule/tls/current/mule-tls.xsd
		http://www.mulesoft.org/schema/mule/ee/core http://www.mulesoft.org/schema/mule/ee/core/current/mule-ee.xsd
		http://www.mulesoft.org/schema/mule/http http://www.mulesoft.org/schema/mule/http/current/mule-http.xsd 
		http://www.mulesoft.org/schema/mule/core http://www.mulesoft.org/schema/mule/core/current/mule.xsd
		http://www.mulesoft.org/schema/mule/munit http://www.mulesoft.org/schema/mule/munit/current/mule-munit.xsd
		http://www.mulesoft.org/schema/mule/munit-tools  http://www.mulesoft.org/schema/mule/munit-tools/current/mule-munit-tools.xsd">
	<munit:config name="api-test.xml" />
	
	<munit:test name="test-app">
		
		<munit:enable-flow-sources >
			<munit:enable-flow-source value="api-main" />
			<munit:enable-flow-source value="api-console"/>
			<munit:enable-flow-source value="get:\addresses:api-config" />
			<munit:enable-flow-source value="get:\healthcheck:api-config" />
			<munit:enable-flow-source value="authentication" />
			<munit:enable-flow-source value="authentication-http" />
			<munit:enable-flow-source value="authentication-scheduler" />
			<munit:enable-flow-source value="address" />
			<munit:enable-flow-source value="call-api" />
		</munit:enable-flow-sources>

		<munit:execution>

			<!-- Common HTTP headers-->
			<ee:transform>
				<ee:variables >
					<ee:set-variable variableName="apiHeaders"><![CDATA[#[ %dw 2.0 --- {
							"Content-Type" : "application/json",
							"client_id" : "MyClientID",
							"client_secret" : "MyClientSecret"
						}]]]>
					</ee:set-variable>
				</ee:variables>
			</ee:transform>

			<logger level="INFO" message="Test authorization endpoint"/>
			<set-variable variableName="apiMethod" value='GET'/>
			<set-variable variableName="apiPath" value='#["/authorization"]'/>
			<set-variable variableName="apiCodeSuccess" value="200"/>
			<flow-ref name="test-api" />

			<logger level="INFO" message="Test address - success scenario"/>
			<ee:transform>
				<ee:variables>
					<ee:set-variable variableName="apiQueryParameters"><![CDATA[#[ %dw 2.0
						output application/java ---
						{
							"state": "CA",
							"zipCode": 92344,
							"city": "Hesperia",
							"street": "13096 Rosamond Ct" 
						}]]]>
					</ee:set-variable>
				</ee:variables>
			</ee:transform>
			<set-variable variableName="apiMethod" value='GET'/>
			<set-variable variableName="apiPath" value='#["/api/addresses"]'/>
			<set-variable variableName="apiCodeSuccess" value="200"/>
			<flow-ref name="test-api" />

			<logger level="INFO" message="Test address - error scenario"/>
			<ee:transform>
				<ee:variables>
					<ee:set-variable variableName="apiQueryParameters"><![CDATA[#[ %dw 2.0
						output application/java ---
						{
							"state": "CA",
							"zipCode": 92344,
							"city": "Hesperia",
							"street": "130963 Rosamond Steet" 
						}]]]>
					</ee:set-variable>
				</ee:variables>
			</ee:transform>
			<set-variable variableName="apiMethod" value='GET'/>
			<set-variable variableName="apiPath" value='#["/api/addresses"]'/>
			<set-variable variableName="apiCodeSuccess" value="400"/>
			<flow-ref name="test-api" />

			<!-- ************************************************************* -->
			<!-- Default functionallity in all services: console and healtheck -->

			<logger level="INFO" message="Test healthcheck endpoint"/>
			<remove-variable variableName="apiQueryParameters"/>
			<set-variable variableName="apiMethod" value='#["GET"]'/>
			<set-variable variableName="apiPath" value='#["/api/healthcheck"]'/>
			<set-variable variableName="apiCodeSuccess" value="200"/>
			<flow-ref name="test-api" />

			<logger level="INFO" message="Test console"/>
			<set-variable variableName="apiMethod" value='GET'/>
			<set-variable variableName="apiPath" value='#["/console"]'/>
			<set-variable variableName="apiCodeSuccess" value="200"/>
			<set-variable variableName="apiHeaders" value='#[{ "Content-Type" : "text/html" }]'/>
			<flow-ref name="test-api" />

		</munit:execution>

	</munit:test>

</mule>
